{"logLevel":"debug","message":"multithreading is set to false"}
{"logLevel":"debug","message":"Using reflection to scan dependencies for gauge implementations..."}
SLF4J: Failed to load class "org.slf4j.impl.StaticLoggerBinder".
SLF4J: Defaulting to no-operation (NOP) logger implementation
SLF4J: See http://www.slf4j.org/codes.html#StaticLoggerBinder for further details.
{"logLevel":"debug","message":"gauge-java took 1272milliseconds to load and scan. This should be less than 'runner_connection_timeout' config value."}
{"logLevel":"debug","message":"run 'gauge config runner_connection_timeout' and verify that it is < 1272"}
{"logLevel":"debug","message":"starting gRPC server..."}
{"logLevel":"debug","message":"started gRPC server on port 60507"}
{"logLevel":"info","message":"Listening on port:60507"}
{"logLevel":"debug","message":"Scanning packages for steps"}
{"logLevel":"debug","message":"Comparing 'tests.LoginTest.getUrl' and 'tests.LoginTest.getUrl'"}
{"logLevel":"debug","message":"Found Hepsiburada sitesine gidilir in current project scope."}
{"logLevel":"debug","message":"Comparing 'tests.LoginTest.setPassword' and 'tests.LoginTest.setPassword'"}
{"logLevel":"debug","message":"Found Şifre {} girilir in current project scope."}
{"logLevel":"debug","message":"Comparing 'tests.LoginTest.clickLoginButton' and 'tests.LoginTest.clickLoginButton'"}
{"logLevel":"debug","message":"Found Giriş yap butonuna tıklanır in current project scope."}
{"logLevel":"debug","message":"Comparing 'tests.LoginTest.clickLogin' and 'tests.LoginTest.clickLogin'"}
{"logLevel":"debug","message":"Found Açılan menüde Giriş Yap tıklanır in current project scope."}
{"logLevel":"debug","message":"Comparing 'tests.ProductTest.clickAddToBasketButton' and 'tests.ProductTest.clickAddToBasketButton'"}
{"logLevel":"debug","message":"Found Farklı bir satıcıdan ürün sepete eklenir in current project scope."}
{"logLevel":"debug","message":"Comparing 'tests.ProductTest.setSearch' and 'tests.ProductTest.setSearch'"}
{"logLevel":"debug","message":"Found Arama alanına {} yazılır in current project scope."}
{"logLevel":"debug","message":"Comparing 'tests.LoginTest.setUserName' and 'tests.LoginTest.setUserName'"}
{"logLevel":"debug","message":"Found E-Mail adresi {} girilir in current project scope."}
{"logLevel":"debug","message":"Comparing 'tests.ProductTest.clickProduct' and 'tests.ProductTest.clickProduct'"}
{"logLevel":"debug","message":"Found Listelenen ürünlerden rastgele bir ürün seçilir in current project scope."}
{"logLevel":"debug","message":"Comparing 'tests.ProductTest.clickAddToCartButton' and 'tests.ProductTest.clickAddToCartButton'"}
{"logLevel":"debug","message":"Found Seçilen ürün sepete eklenir in current project scope."}
{"logLevel":"debug","message":"Comparing 'tests.LoginTest.clickEmailSelectButton' and 'tests.LoginTest.clickEmailSelectButton'"}
{"logLevel":"debug","message":"Found Giriş yap butonuna tıklanır ve login olduğu görülür in current project scope."}
{"logLevel":"debug","message":"Comparing 'tests.ProductTest.clickSearchButton' and 'tests.ProductTest.clickSearchButton'"}
{"logLevel":"debug","message":"Found Ara butonuna tıklanır in current project scope."}
{"logLevel":"debug","message":"Comparing 'tests.LoginTest.clickAccountButton' and 'tests.LoginTest.clickAccountButton'"}
{"logLevel":"debug","message":"Found Giriş yap veya üye ol butonuna tıklanır in current project scope."}
{"logLevel":"debug","message":"Scanning packages for hooks"}
{"logLevel":"debug","message":"Scanned steps (using static parsing + reflections): "}
{"logLevel":"debug","message":"\tFarklı bir satıcıdan ürün sepete eklenir : public void clickAddToBasketButton()"}
{"logLevel":"debug","message":"\tAçılan menüde Giriş Yap tıklanır : public void clickLogin()"}
{"logLevel":"debug","message":"\tArama alanına {} yazılır : public void setSearch(String productName)"}
{"logLevel":"debug","message":"\tSeçilen ürün sepete eklenir : public void clickAddToCartButton()"}
{"logLevel":"debug","message":"\tHepsiburada sitesine gidilir : public void getUrl()"}
{"logLevel":"debug","message":"\tGiriş yap butonuna tıklanır : public void clickLoginButton()"}
{"logLevel":"debug","message":"\tGiriş yap veya üye ol butonuna tıklanır : public void clickAccountButton()"}
{"logLevel":"debug","message":"\tListelenen ürünlerden rastgele bir ürün seçilir : public void clickProduct()"}
{"logLevel":"debug","message":"\tGiriş yap butonuna tıklanır ve login olduğu görülür : public void clickEmailSelectButton()"}
{"logLevel":"debug","message":"\tE-Mail adresi {} girilir : public void setUserName(String eMail)"}
{"logLevel":"debug","message":"\tAra butonuna tıklanır : public void clickSearchButton()"}
{"logLevel":"debug","message":"\tŞifre {} girilir : public void setPassword(String password)"}
Starting ChromeDriver 95.0.4638.69 (6a1600ed572fedecd573b6c2b90a22fe6392a410-refs/branch-heads/4638@{#984}) on port 5676
Only local connections are allowed.
Please see https://chromedriver.chromium.org/security-considerations for suggestions on keeping ChromeDriver safe.
ChromeDriver was started successfully.
Kas 22, 2021 10:23:36 ÖS org.openqa.selenium.remote.ProtocolHandshake createSession
INFO: Detected dialect: W3C
{"logLevel":"debug","message":"Executing 'Hepsiburada sitesine gidilir' using 'class tests.LoginTest.getUrl"}
{"logLevel":"debug","message":"Executing 'Giriş yap veya üye ol butonuna tıklanır' using 'class tests.LoginTest.clickAccountButton"}
{"logLevel":"debug","message":"Executing 'Açılan menüde Giriş Yap tıklanır' using 'class tests.LoginTest.clickLogin"}
{"logLevel":"debug","message":"Executing 'E-Mail adresi {} girilir' using 'class tests.LoginTest.setUserName"}
{"logLevel":"debug","message":"Executing 'Giriş yap butonuna tıklanır' using 'class tests.LoginTest.clickLoginButton"}
{"logLevel":"debug","message":"Executing 'Şifre {} girilir' using 'class tests.LoginTest.setPassword"}
{"logLevel":"debug","message":"Executing 'Giriş yap butonuna tıklanır ve login olduğu görülür' using 'class tests.LoginTest.clickEmailSelectButton"}
{"logLevel":"debug","message":"Executing 'Arama alanına {} yazılır' using 'class tests.ProductTest.setSearch"}
{"logLevel":"debug","message":"Executing 'Ara butonuna tıklanır' using 'class tests.ProductTest.clickSearchButton"}
{"logLevel":"debug","message":"Executing 'Listelenen ürünlerden rastgele bir ürün seçilir' using 'class tests.ProductTest.clickProduct"}
{"logLevel":"debug","message":"Executing 'Seçilen ürün sepete eklenir' using 'class tests.ProductTest.clickAddToCartButton"}
{"logLevel":"debug","message":"Killing Java runner..."}
{"logLevel":"debug","message":"Stopping execution pool..."}
{"logLevel":"debug","message":"Shutting down grpc server..."}
{"logLevel":"debug","message":"Runner killed gracefully."}
